#
# There is insufficient memory for the Java Runtime Environment to continue.
# Native memory allocation (mmap) failed to map 85458944 bytes for committing reserved memory.
# Possible reasons:
#   The system is out of physical RAM or swap space
#   In 32 bit mode, the process size limit was hit
# Possible solutions:
#   Reduce memory load on the system
#   Increase physical memory or swap space
#   Check if swap backing store is full
#   Use 64 bit Java on a 64 bit OS
#   Decrease Java heap size (-Xmx/-Xms)
#   Decrease number of Java threads
#   Decrease Java thread stack sizes (-Xss)
#   Set larger code cache with -XX:ReservedCodeCacheSize=
# This output file may be truncated or incomplete.
#
#  Out of Memory Error (os_linux.cpp:2640), pid=13011, tid=0x00007f3016caa700
#
# JRE version:  (8.0_131-b11) (build )
# Java VM: Java HotSpot(TM) 64-Bit Server VM (25.131-b11 mixed mode linux-amd64 compressed oops)
# Failed to write core dump. Core dumps have been disabled. To enable core dumping, try "ulimit -c unlimited" before starting Java again
#

---------------  T H R E A D  ---------------

Current thread (0x00007f3010009800):  JavaThread "Unknown thread" [_thread_in_vm, id=13014, stack(0x00007f3016baa000,0x00007f3016cab000)]

Stack: [0x00007f3016baa000,0x00007f3016cab000],  sp=0x00007f3016ca93c0,  free space=1020k
Native frames: (J=compiled Java code, j=interpreted, Vv=VM code, C=native code)
V  [libjvm.so+0xac826a]  VMError::report_and_die()+0x2ba
V  [libjvm.so+0x4fd4cb]  report_vm_out_of_memory(char const*, int, unsigned long, VMErrorType, char const*)+0x8b
V  [libjvm.so+0x924f53]  os::Linux::commit_memory_impl(char*, unsigned long, bool)+0x103
V  [libjvm.so+0x9254a9]  os::pd_commit_memory(char*, unsigned long, unsigned long, bool)+0x29
V  [libjvm.so+0x91f6ca]  os::commit_memory(char*, unsigned long, unsigned long, bool)+0x2a
V  [libjvm.so+0x9941e3]  PSVirtualSpace::expand_by(unsigned long)+0x53
V  [libjvm.so+0x9842f7]  PSOldGen::initialize(ReservedSpace, unsigned long, char const*, int)+0xb7
V  [libjvm.so+0x2d8cea]  AdjoiningGenerations::AdjoiningGenerations(ReservedSpace, GenerationSizer*, unsigned long)+0x39a
V  [libjvm.so+0x9485c6]  ParallelScavengeHeap::initialize()+0x1d6
V  [libjvm.so+0xa902e3]  Universe::initialize_heap()+0xf3
V  [libjvm.so+0xa9084e]  universe_init()+0x3e
V  [libjvm.so+0x63e3e5]  init_globals()+0x65
V  [libjvm.so+0xa73f3e]  Threads::create_vm(JavaVMInitArgs*, bool*)+0x23e
V  [libjvm.so+0x6d2ce4]  JNI_CreateJavaVM+0x74
C  [libjli.so+0x745e]  JavaMain+0x9e
C  [libpthread.so.0+0x76ba]  start_thread+0xca


---------------  P R O C E S S  ---------------

Java Threads: ( => current thread )

Other Threads:

=>0x00007f3010009800 (exited) JavaThread "Unknown thread" [_thread_in_vm, id=13014, stack(0x00007f3016baa000,0x00007f3016cab000)]

VM state:not at safepoint (not fully initialized)

VM Mutex/Monitor currently owned by a thread: None

GC Heap History (0 events):
No events

Deoptimization events (0 events):
No events

Internal exceptions (0 events):
No events

Events (0 events):
No events


Dynamic libraries:
00400000-00401000 r-xp 00000000 08:02 5771661                            /etc/opt/jdk1.8.0_131/jre/bin/java
00600000-00601000 rw-p 00000000 08:02 5771661                            /etc/opt/jdk1.8.0_131/jre/bin/java
021fb000-0221c000 rw-p 00000000 00:00 0                                  [heap]
8c180000-d7b00000 ---p 00000000 00:00 0 
d7b00000-da380000 rw-p 00000000 00:00 0 
da380000-100000000 ---p 00000000 00:00 0 
7f30002b3000-7f300044a000 rw-p 00000000 00:00 0 
7f300044a000-7f30006cf000 ---p 00000000 00:00 0 
7f30006cf000-7f30006e4000 rw-p 00000000 00:00 0 
7f30006e4000-7f3000812000 ---p 00000000 00:00 0 
7f3000812000-7f300081d000 rw-p 00000000 00:00 0 
7f300081d000-7f3000bd3000 ---p 00000000 00:00 0 
7f3000bd3000-7f3000e43000 rwxp 00000000 00:00 0 
7f3000e43000-7f300fbd3000 ---p 00000000 00:00 0 
7f300fbd3000-7f300fbed000 r-xp 00000000 08:02 5771972                    /etc/opt/jdk1.8.0_131/jre/lib/amd64/libzip.so
7f300fbed000-7f300fded000 ---p 0001a000 08:02 5771972                    /etc/opt/jdk1.8.0_131/jre/lib/amd64/libzip.so
7f300fded000-7f300fdee000 rw-p 0001a000 08:02 5771972                    /etc/opt/jdk1.8.0_131/jre/lib/amd64/libzip.so
7f300fdee000-7f300fdf9000 r-xp 00000000 08:02 7741083                    /lib/x86_64-linux-gnu/libnss_files-2.23.so
7f300fdf9000-7f300fff8000 ---p 0000b000 08:02 7741083                    /lib/x86_64-linux-gnu/libnss_files-2.23.so
7f300fff8000-7f300fff9000 r--p 0000a000 08:02 7741083                    /lib/x86_64-linux-gnu/libnss_files-2.23.so
7f300fff9000-7f300fffa000 rw-p 0000b000 08:02 7741083                    /lib/x86_64-linux-gnu/libnss_files-2.23.so
7f300fffa000-7f3010000000 rw-p 00000000 00:00 0 
7f3010000000-7f3010034000 rw-p 00000000 00:00 0 
7f3010034000-7f3014000000 ---p 00000000 00:00 0 
7f301404d000-7f301413d000 rw-p 00000000 00:00 0 
7f301413d000-7f3014148000 r-xp 00000000 08:02 7741076                    /lib/x86_64-linux-gnu/libnss_nis-2.23.so
7f3014148000-7f3014347000 ---p 0000b000 08:02 7741076                    /lib/x86_64-linux-gnu/libnss_nis-2.23.so
7f3014347000-7f3014348000 r--p 0000a000 08:02 7741076                    /lib/x86_64-linux-gnu/libnss_nis-2.23.so
7f3014348000-7f3014349000 rw-p 0000b000 08:02 7741076                    /lib/x86_64-linux-gnu/libnss_nis-2.23.so
7f3014349000-7f301435f000 r-xp 00000000 08:02 7741078                    /lib/x86_64-linux-gnu/libnsl-2.23.so
7f301435f000-7f301455e000 ---p 00016000 08:02 7741078                    /lib/x86_64-linux-gnu/libnsl-2.23.so
7f301455e000-7f301455f000 r--p 00015000 08:02 7741078                    /lib/x86_64-linux-gnu/libnsl-2.23.so
7f301455f000-7f3014560000 rw-p 00016000 08:02 7741078                    /lib/x86_64-linux-gnu/libnsl-2.23.so
7f3014560000-7f3014562000 rw-p 00000000 00:00 0 
7f3014562000-7f301456a000 r-xp 00000000 08:02 7741085                    /lib/x86_64-linux-gnu/libnss_compat-2.23.so
7f301456a000-7f3014769000 ---p 00008000 08:02 7741085                    /lib/x86_64-linux-gnu/libnss_compat-2.23.so
7f3014769000-7f301476a000 r--p 00007000 08:02 7741085                    /lib/x86_64-linux-gnu/libnss_compat-2.23.so
7f301476a000-7f301476b000 rw-p 00008000 08:02 7741085                    /lib/x86_64-linux-gnu/libnss_compat-2.23.so
7f301476b000-7f3014796000 r-xp 00000000 08:02 5771966                    /etc/opt/jdk1.8.0_131/jre/lib/amd64/libjava.so
7f3014796000-7f3014995000 ---p 0002b000 08:02 5771966                    /etc/opt/jdk1.8.0_131/jre/lib/amd64/libjava.so
7f3014995000-7f3014997000 rw-p 0002a000 08:02 5771966                    /etc/opt/jdk1.8.0_131/jre/lib/amd64/libjava.so
7f3014997000-7f30149a4000 r-xp 00000000 08:02 5771971                    /etc/opt/jdk1.8.0_131/jre/lib/amd64/libverify.so
7f30149a4000-7f3014ba3000 ---p 0000d000 08:02 5771971                    /etc/opt/jdk1.8.0_131/jre/lib/amd64/libverify.so
7f3014ba3000-7f3014ba5000 rw-p 0000c000 08:02 5771971                    /etc/opt/jdk1.8.0_131/jre/lib/amd64/libverify.so
7f3014ba5000-7f3014bac000 r-xp 00000000 08:02 7741086                    /lib/x86_64-linux-gnu/librt-2.23.so
7f3014bac000-7f3014dab000 ---p 00007000 08:02 7741086                    /lib/x86_64-linux-gnu/librt-2.23.so
7f3014dab000-7f3014dac000 r--p 00006000 08:02 7741086                    /lib/x86_64-linux-gnu/librt-2.23.so
7f3014dac000-7f3014dad000 rw-p 00007000 08:02 7741086                    /lib/x86_64-linux-gnu/librt-2.23.so
7f3014dad000-7f3014eb5000 r-xp 00000000 08:02 7741077                    /lib/x86_64-linux-gnu/libm-2.23.so
7f3014eb5000-7f30150b4000 ---p 00108000 08:02 7741077                    /lib/x86_64-linux-gnu/libm-2.23.so
7f30150b4000-7f30150b5000 r--p 00107000 08:02 7741077                    /lib/x86_64-linux-gnu/libm-2.23.so
7f30150b5000-7f30150b6000 rw-p 00108000 08:02 7741077                    /lib/x86_64-linux-gnu/libm-2.23.so
7f30150b6000-7f3015d85000 r-xp 00000000 08:02 5771949                    /etc/opt/jdk1.8.0_131/jre/lib/amd64/server/libjvm.so
7f3015d85000-7f3015f85000 ---p 00ccf000 08:02 5771949                    /etc/opt/jdk1.8.0_131/jre/lib/amd64/server/libjvm.so
7f3015f85000-7f301605e000 rw-p 00ccf000 08:02 5771949                    /etc/opt/jdk1.8.0_131/jre/lib/amd64/server/libjvm.so
7f301605e000-7f30160a9000 rw-p 00000000 00:00 0 
7f30160a9000-7f3016268000 r-xp 00000000 08:02 7741079                    /lib/x86_64-linux-gnu/libc-2.23.so
7f3016268000-7f3016468000 ---p 001bf000 08:02 7741079                    /lib/x86_64-linux-gnu/libc-2.23.so
7f3016468000-7f301646c000 r--p 001bf000 08:02 7741079                    /lib/x86_64-linux-gnu/libc-2.23.so
7f301646c000-7f301646e000 rw-p 001c3000 08:02 7741079                    /lib/x86_64-linux-gnu/libc-2.23.so
7f301646e000-7f3016472000 rw-p 00000000 00:00 0 
7f3016472000-7f3016475000 r-xp 00000000 08:02 7741075                    /lib/x86_64-linux-gnu/libdl-2.23.so
7f3016475000-7f3016674000 ---p 00003000 08:02 7741075                    /lib/x86_64-linux-gnu/libdl-2.23.so
7f3016674000-7f3016675000 r--p 00002000 08:02 7741075                    /lib/x86_64-linux-gnu/libdl-2.23.so
7f3016675000-7f3016676000 rw-p 00003000 08:02 7741075                    /lib/x86_64-linux-gnu/libdl-2.23.so
7f3016676000-7f301668b000 r-xp 00000000 08:02 5771944                    /etc/opt/jdk1.8.0_131/jre/lib/amd64/jli/libjli.so
7f301668b000-7f301688b000 ---p 00015000 08:02 5771944                    /etc/opt/jdk1.8.0_131/jre/lib/amd64/jli/libjli.so
7f301688b000-7f301688c000 rw-p 00015000 08:02 5771944                    /etc/opt/jdk1.8.0_131/jre/lib/amd64/jli/libjli.so
7f301688c000-7f30168a4000 r-xp 00000000 08:02 7741090                    /lib/x86_64-linux-gnu/libpthread-2.23.so
7f30168a4000-7f3016aa3000 ---p 00018000 08:02 7741090                    /lib/x86_64-linux-gnu/libpthread-2.23.so
7f3016aa3000-7f3016aa4000 r--p 00017000 08:02 7741090                    /lib/x86_64-linux-gnu/libpthread-2.23.so
7f3016aa4000-7f3016aa5000 rw-p 00018000 08:02 7741090                    /lib/x86_64-linux-gnu/libpthread-2.23.so
7f3016aa5000-7f3016aa9000 rw-p 00000000 00:00 0 
7f3016aa9000-7f3016acf000 r-xp 00000000 08:02 7741080                    /lib/x86_64-linux-gnu/ld-2.23.so
7f3016baa000-7f3016bad000 ---p 00000000 00:00 0 
7f3016bad000-7f3016caf000 rw-p 00000000 00:00 0 
7f3016cc2000-7f3016cca000 rw-s 00000000 08:02 8784308                    /tmp/hsperfdata_andje22/13011
7f3016cca000-7f3016ccb000 rw-p 00000000 00:00 0 
7f3016ccb000-7f3016ccc000 r--p 00000000 00:00 0 
7f3016ccc000-7f3016cce000 rw-p 00000000 00:00 0 
7f3016cce000-7f3016ccf000 r--p 00025000 08:02 7741080                    /lib/x86_64-linux-gnu/ld-2.23.so
7f3016ccf000-7f3016cd0000 rw-p 00026000 08:02 7741080                    /lib/x86_64-linux-gnu/ld-2.23.so
7f3016cd0000-7f3016cd1000 rw-p 00000000 00:00 0 
7ffeb223b000-7ffeb225c000 rw-p 00000000 00:00 0                          [stack]
7ffeb2317000-7ffeb2319000 r--p 00000000 00:00 0                          [vvar]
7ffeb2319000-7ffeb231b000 r-xp 00000000 00:00 0                          [vdso]
ffffffffff600000-ffffffffff601000 r-xp 00000000 00:00 0                  [vsyscall]

VM Arguments:
jvm_args: -Dfile.encoding=UTF-8 
java_command: com.fxexperience.tools.app.MainApp
java_class_path (initial): /home/andje22/Documents/repos/fxexperience-2/dist/experiencetools.jar:/home/andje22/Documents/repos/fxexperience-2/FXExperienceControls/dist/FXExperienceControls.jar
Launcher Type: SUN_STANDARD

Environment Variables:
JAVA_HOME=/usr/lib/jvm/java-8-oracle
PATH=/home/andje22/bin:/home/andje22/.local/bin:/usr/local/sbin:/usr/local/bin:/usr/sbin:/usr/bin:/sbin:/bin:/usr/games:/usr/local/games:/snap/bin:/usr/lib/jvm/java-8-oracle/bin:/usr/lib/jvm/java-8-oracle/db/bin:/usr/lib/jvm/java-8-oracle/jre/bin
LD_LIBRARY_PATH=/etc/opt/jdk1.8.0_131/jre/lib/amd64:/etc/opt/jdk1.8.0_131/jre/lib/i386:
SHELL=/bin/bash
DISPLAY=:0

Signal Handlers:
SIGSEGV: [libjvm.so+0xac8af0], sa_mask[0]=11111111011111111101111111111110, sa_flags=SA_RESTART|SA_SIGINFO
SIGBUS: [libjvm.so+0xac8af0], sa_mask[0]=11111111011111111101111111111110, sa_flags=SA_RESTART|SA_SIGINFO
SIGFPE: [libjvm.so+0x921dd0], sa_mask[0]=11111111011111111101111111111110, sa_flags=SA_RESTART|SA_SIGINFO
SIGPIPE: [libjvm.so+0x921dd0], sa_mask[0]=11111111011111111101111111111110, sa_flags=SA_RESTART|SA_SIGINFO
SIGXFSZ: [libjvm.so+0x921dd0], sa_mask[0]=11111111011111111101111111111110, sa_flags=SA_RESTART|SA_SIGINFO
SIGILL: [libjvm.so+0x921dd0], sa_mask[0]=11111111011111111101111111111110, sa_flags=SA_RESTART|SA_SIGINFO
SIGUSR1: SIG_DFL, sa_mask[0]=00000000000000000000000000000000, sa_flags=none
SIGUSR2: [libjvm.so+0x923610], sa_mask[0]=00100000000000000000000000000000, sa_flags=SA_RESTART|SA_SIGINFO
SIGHUP: SIG_DFL, sa_mask[0]=00000000000000000000000000000000, sa_flags=none
SIGINT: SIG_IGN, sa_mask[0]=00000000000000000000000000000000, sa_flags=none
SIGTERM: SIG_DFL, sa_mask[0]=00000000000000000000000000000000, sa_flags=none
SIGQUIT: SIG_DFL, sa_mask[0]=00000000000000000000000000000000, sa_flags=none


---------------  S Y S T E M  ---------------

OS:DISTRIB_ID=Ubuntu
DISTRIB_RELEASE=16.04
DISTRIB_CODENAME=xenial
DISTRIB_DESCRIPTION="Ubuntu 16.04.2 LTS"

uname:Linux 4.8.0-52-generic #55~16.04.1-Ubuntu SMP Fri Apr 28 14:36:29 UTC 2017 x86_64
libc:glibc 2.23 NPTL 2.23 
rlimit: STACK 8192k, CORE 0k, NPROC 30462, NOFILE 65536, AS infinity
load average:0.99 0.63 0.52

/proc/meminfo:
MemTotal:        7925976 kB
MemFree:          123600 kB
MemAvailable:      22560 kB
Buffers:            1248 kB
Cached:           212120 kB
SwapCached:         2788 kB
Active:          6740308 kB
Inactive:         850412 kB
Active(anon):    6712216 kB
Inactive(anon):   839544 kB
Active(file):      28092 kB
Inactive(file):    10868 kB
Unevictable:          48 kB
Mlocked:              48 kB
SwapTotal:       8139772 kB
SwapFree:              4 kB
Dirty:              1860 kB
Writeback:             0 kB
AnonPages:       7374740 kB
Mapped:            32204 kB
Shmem:            174392 kB
Slab:              77408 kB
SReclaimable:      37252 kB
SUnreclaim:        40156 kB
KernelStack:        9904 kB
PageTables:        62680 kB
NFS_Unstable:          0 kB
Bounce:                0 kB
WritebackTmp:          0 kB
CommitLimit:    12102760 kB
Committed_AS:    6754660 kB
VmallocTotal:   34359738367 kB
VmallocUsed:           0 kB
VmallocChunk:          0 kB
HardwareCorrupted:     0 kB
AnonHugePages:    559104 kB
ShmemHugePages:        0 kB
ShmemPmdMapped:        0 kB
CmaTotal:              0 kB
CmaFree:               0 kB
HugePages_Total:       0
HugePages_Free:        0
HugePages_Rsvd:        0
HugePages_Surp:        0
Hugepagesize:       2048 kB
DirectMap4k:      128720 kB
DirectMap2M:     5914624 kB
DirectMap1G:     2097152 kB


CPU:total 4 (initial active 4) (2 cores per cpu, 2 threads per core) family 6 model 78 stepping 3, cmov, cx8, fxsr, mmx, sse, sse2, sse3, ssse3, sse4.1, sse4.2, popcnt, avx, avx2, aes, clmul, erms, 3dnowpref, lzcnt, ht, tsc, tscinvbit, bmi1, bmi2, adx

/proc/cpuinfo:
processor	: 0
vendor_id	: GenuineIntel
cpu family	: 6
model		: 78
model name	: Intel(R) Core(TM) i5-6200U CPU @ 2.30GHz
stepping	: 3
microcode	: 0x33
cpu MHz		: 2700.000
cache size	: 3072 KB
physical id	: 0
siblings	: 4
core id		: 0
cpu cores	: 2
apicid		: 0
initial apicid	: 0
fpu		: yes
fpu_exception	: yes
cpuid level	: 22
wp		: yes
flags		: fpu vme de pse tsc msr pae mce cx8 apic sep mtrr pge mca cmov pat pse36 clflush dts acpi mmx fxsr sse sse2 ss ht tm pbe syscall nx pdpe1gb rdtscp lm constant_tsc art arch_perfmon pebs bts rep_good nopl xtopology nonstop_tsc aperfmperf eagerfpu pni pclmulqdq dtes64 monitor ds_cpl vmx est tm2 ssse3 sdbg fma cx16 xtpr pdcm pcid sse4_1 sse4_2 x2apic movbe popcnt tsc_deadline_timer aes xsave avx f16c rdrand lahf_lm abm 3dnowprefetch epb intel_pt tpr_shadow vnmi flexpriority ept vpid fsgsbase tsc_adjust bmi1 avx2 smep bmi2 erms invpcid mpx rdseed adx smap clflushopt xsaveopt xsavec xgetbv1 xsaves dtherm ida arat pln pts hwp hwp_notify hwp_act_window hwp_epp
bugs		:
bogomips	: 4800.00
clflush size	: 64
cache_alignment	: 64
address sizes	: 39 bits physical, 48 bits virtual
power management:

processor	: 1
vendor_id	: GenuineIntel
cpu family	: 6
model		: 78
model name	: Intel(R) Core(TM) i5-6200U CPU @ 2.30GHz
stepping	: 3
microcode	: 0x33
cpu MHz		: 2700.000
cache size	: 3072 KB
physical id	: 0
siblings	: 4
core id		: 1
cpu cores	: 2
apicid		: 2
initial apicid	: 2
fpu		: yes
fpu_exception	: yes
cpuid level	: 22
wp		: yes
flags		: fpu vme de pse tsc msr pae mce cx8 apic sep mtrr pge mca cmov pat pse36 clflush dts acpi mmx fxsr sse sse2 ss ht tm pbe syscall nx pdpe1gb rdtscp lm constant_tsc art arch_perfmon pebs bts rep_good nopl xtopology nonstop_tsc aperfmperf eagerfpu pni pclmulqdq dtes64 monitor ds_cpl vmx est tm2 ssse3 sdbg fma cx16 xtpr pdcm pcid sse4_1 sse4_2 x2apic movbe popcnt tsc_deadline_timer aes xsave avx f16c rdrand lahf_lm abm 3dnowprefetch epb intel_pt tpr_shadow vnmi flexpriority ept vpid fsgsbase tsc_adjust bmi1 avx2 smep bmi2 erms invpcid mpx rdseed adx smap clflushopt xsaveopt xsavec xgetbv1 xsaves dtherm ida arat pln pts hwp hwp_notify hwp_act_window hwp_epp
bugs		:
bogomips	: 4800.00
clflush size	: 64
cache_alignment	: 64
address sizes	: 39 bits physical, 48 bits virtual
power management:

processor	: 2
vendor_id	: GenuineIntel
cpu family	: 6
model		: 78
model name	: Intel(R) Core(TM) i5-6200U CPU @ 2.30GHz
stepping	: 3
microcode	: 0x33
cpu MHz		: 2699.853
cache size	: 3072 KB
physical id	: 0
siblings	: 4
core id		: 0
cpu cores	: 2
apicid		: 1
initial apicid	: 1
fpu		: yes
fpu_exception	: yes
cpuid level	: 22
wp		: yes
flags		: fpu vme de pse tsc msr pae mce cx8 apic sep mtrr pge mca cmov pat pse36 clflush dts acpi mmx fxsr sse sse2 ss ht tm pbe syscall nx pdpe1gb rdtscp lm constant_tsc art arch_perfmon pebs bts rep_good nopl xtopology nonstop_tsc aperfmperf eagerfpu pni pclmulqdq dtes64 monitor ds_cpl vmx est tm2 ssse3 sdbg fma cx16 xtpr pdcm pcid sse4_1 sse4_2 x2apic movbe popcnt tsc_deadline_timer aes xsave avx f16c rdrand lahf_lm abm 3dnowprefetch epb intel_pt tpr_shadow vnmi flexpriority ept vpid fsgsbase tsc_adjust bmi1 avx2 smep bmi2 erms invpcid mpx rdseed adx smap clflushopt xsaveopt xsavec xgetbv1 xsaves dtherm ida arat pln pts hwp hwp_notify hwp_act_window hwp_epp
bugs		:
bogomips	: 4800.00
clflush size	: 64
cache_alignment	: 64
address sizes	: 39 bits physical, 48 bits virtual
power management:

processor	: 3
vendor_id	: GenuineIntel
cpu family	: 6
model		: 78
model name	: Intel(R) Core(TM) i5-6200U CPU @ 2.30GHz
stepping	: 3
microcode	: 0x33
cpu MHz		: 2699.853
cache size	: 3072 KB
physical id	: 0
siblings	: 4
core id		: 1
cpu cores	: 2
apicid		: 3
initial apicid	: 3
fpu		: yes
fpu_exception	: yes
cpuid level	: 22
wp		: yes
flags		: fpu vme de pse tsc msr pae mce cx8 apic sep mtrr pge mca cmov pat pse36 clflush dts acpi mmx fxsr sse sse2 ss ht tm pbe syscall nx pdpe1gb rdtscp lm constant_tsc art arch_perfmon pebs bts rep_good nopl xtopology nonstop_tsc aperfmperf eagerfpu pni pclmulqdq dtes64 monitor ds_cpl vmx est tm2 ssse3 sdbg fma cx16 xtpr pdcm pcid sse4_1 sse4_2 x2apic movbe popcnt tsc_deadline_timer aes xsave avx f16c rdrand lahf_lm abm 3dnowprefetch epb intel_pt tpr_shadow vnmi flexpriority ept vpid fsgsbase tsc_adjust bmi1 avx2 smep bmi2 erms invpcid mpx rdseed adx smap clflushopt xsaveopt xsavec xgetbv1 xsaves dtherm ida arat pln pts hwp hwp_notify hwp_act_window hwp_epp
bugs		:
bogomips	: 4800.00
clflush size	: 64
cache_alignment	: 64
address sizes	: 39 bits physical, 48 bits virtual
power management:



Memory: 4k page, physical 7925976k(123600k free), swap 8139772k(4k free)

vm_info: Java HotSpot(TM) 64-Bit Server VM (25.131-b11) for linux-amd64 JRE (1.8.0_131-b11), built on Mar 15 2017 01:23:40 by "java_re" with gcc 4.3.0 20080428 (Red Hat 4.3.0-8)

time: Thu May 18 15:26:46 2017
elapsed time: 0 seconds (0d 0h 0m 0s)

